0 info it worked if it ends with ok
1 verbose cli [ '/usr/bin/nodejs', '/usr/bin/npm', 'install', 'coffeelint' ]
2 info using npm@1.2.18
3 info using node@v0.10.15
4 verbose read json /home/even/.emacs.d/emacsAddons/package.json
5 verbose read json /home/even/.emacs.d/emacsAddons/package.json
6 verbose cache add [ 'coffeelint', null ]
7 verbose cache add name=undefined spec="coffeelint" args=["coffeelint",null]
8 verbose parsed url { protocol: null,
8 verbose parsed url   slashes: null,
8 verbose parsed url   auth: null,
8 verbose parsed url   host: null,
8 verbose parsed url   port: null,
8 verbose parsed url   hostname: null,
8 verbose parsed url   hash: null,
8 verbose parsed url   search: null,
8 verbose parsed url   query: null,
8 verbose parsed url   pathname: 'coffeelint',
8 verbose parsed url   path: 'coffeelint',
8 verbose parsed url   href: 'coffeelint' }
9 silly lockFile 22620c26-coffeelint coffeelint
10 verbose lock coffeelint /home/even/.npm/22620c26-coffeelint.lock
11 silly lockFile 22620c26-coffeelint coffeelint
12 silly lockFile 22620c26-coffeelint coffeelint
13 verbose addNamed [ 'coffeelint', '' ]
14 verbose addNamed [ null, '*' ]
15 silly lockFile d146c492-coffeelint coffeelint@
16 verbose lock coffeelint@ /home/even/.npm/d146c492-coffeelint.lock
17 silly addNameRange { name: 'coffeelint', range: '*', hasData: false }
18 verbose url raw coffeelint
19 verbose url resolving [ 'https://registry.npmjs.org/', './coffeelint' ]
20 verbose url resolved https://registry.npmjs.org/coffeelint
21 info trying registry request attempt 1 at 10:06:24
22 http GET https://registry.npmjs.org/coffeelint
23 http 200 https://registry.npmjs.org/coffeelint
24 silly registry.get cb [ 200,
24 silly registry.get   { date: 'Mon, 16 Jun 2014 08:06:24 GMT',
24 silly registry.get     server: 'CouchDB/1.5.0 (Erlang OTP/R16B03)',
24 silly registry.get     etag: '"6ZF4O2JR4N0YCU6MEZALNWSU6"',
24 silly registry.get     'content-type': 'application/json',
24 silly registry.get     'cache-control': 'max-age=30',
24 silly registry.get     'content-length': '63639',
24 silly registry.get     'accept-ranges': 'bytes',
24 silly registry.get     via: '1.1 varnish',
24 silly registry.get     age: '2391',
24 silly registry.get     'x-served-by': 'cache-fra1220-FRA',
24 silly registry.get     'x-cache': 'HIT',
24 silly registry.get     'x-cache-hits': '1',
24 silly registry.get     'x-timer': 'S1402905984.546519,VS0,VE174',
24 silly registry.get     vary: 'Accept',
24 silly registry.get     'keep-alive': 'timeout=10, max=50',
24 silly registry.get     connection: 'Keep-Alive' } ]
25 silly addNameRange number 2 { name: 'coffeelint', range: '*', hasData: true }
26 silly addNameRange versions [ 'coffeelint',
26 silly addNameRange   [ '0.0.1',
26 silly addNameRange     '0.0.2',
26 silly addNameRange     '0.0.3',
26 silly addNameRange     '0.0.4',
26 silly addNameRange     '0.0.5',
26 silly addNameRange     '0.0.6',
26 silly addNameRange     '0.0.7',
26 silly addNameRange     '0.1.0',
26 silly addNameRange     '0.2.0',
26 silly addNameRange     '0.3.0',
26 silly addNameRange     '0.4.0',
26 silly addNameRange     '0.5.0',
26 silly addNameRange     '0.5.1',
26 silly addNameRange     '0.5.2',
26 silly addNameRange     '0.5.3',
26 silly addNameRange     '0.5.4',
26 silly addNameRange     '0.5.5',
26 silly addNameRange     '0.5.6',
26 silly addNameRange     '0.5.7',
26 silly addNameRange     '0.6.0',
26 silly addNameRange     '0.6.1',
26 silly addNameRange     '1.0.0',
26 silly addNameRange     '1.0.1',
26 silly addNameRange     '1.0.2',
26 silly addNameRange     '1.0.3',
26 silly addNameRange     '1.0.4',
26 silly addNameRange     '1.0.5',
26 silly addNameRange     '1.0.6',
26 silly addNameRange     '1.0.7',
26 silly addNameRange     '1.0.8',
26 silly addNameRange     '1.1.0',
26 silly addNameRange     '1.2.0',
26 silly addNameRange     '1.3.0',
26 silly addNameRange     '1.4.0',
26 silly addNameRange     '1.4.1',
26 silly addNameRange     '1.5.0',
26 silly addNameRange     '1.5.1',
26 silly addNameRange     '1.5.2' ] ]
27 verbose addNamed [ 'coffeelint', '1.5.2' ]
28 verbose addNamed [ '1.5.2', '1.5.2' ]
29 silly lockFile 2b6a6914-coffeelint-1-5-2 coffeelint@1.5.2
30 verbose lock coffeelint@1.5.2 /home/even/.npm/2b6a6914-coffeelint-1-5-2.lock
31 silly lockFile ee919bbd--coffeelint-coffeelint-1-5-2-tgz https://registry.npmjs.org/coffeelint/-/coffeelint-1.5.2.tgz
32 verbose lock https://registry.npmjs.org/coffeelint/-/coffeelint-1.5.2.tgz /home/even/.npm/ee919bbd--coffeelint-coffeelint-1-5-2-tgz.lock
33 verbose addRemoteTarball [ 'https://registry.npmjs.org/coffeelint/-/coffeelint-1.5.2.tgz',
33 verbose addRemoteTarball   '6ce93be7ab5896c9502db2df3cd60f5cde9a45cc' ]
34 silly lockFile ee919bbd--coffeelint-coffeelint-1-5-2-tgz https://registry.npmjs.org/coffeelint/-/coffeelint-1.5.2.tgz
35 silly lockFile ee919bbd--coffeelint-coffeelint-1-5-2-tgz https://registry.npmjs.org/coffeelint/-/coffeelint-1.5.2.tgz
36 silly lockFile 2b6a6914-coffeelint-1-5-2 coffeelint@1.5.2
37 silly lockFile 2b6a6914-coffeelint-1-5-2 coffeelint@1.5.2
38 silly lockFile d146c492-coffeelint coffeelint@
39 silly lockFile d146c492-coffeelint coffeelint@
40 error Error: EACCES, mkdir '/home/even/tmp/npm-20966'
40 error  { [Error: EACCES, mkdir '/home/even/tmp/npm-20966'] errno: 3, code: 'EACCES', path: '/home/even/tmp/npm-20966' }
41 error Please try running this command again as root/Administrator.
42 error System Linux 3.11.0-18-generic
43 error command "/usr/bin/nodejs" "/usr/bin/npm" "install" "coffeelint"
44 error cwd /home/even/.emacs.d/emacsAddons
45 error node -v v0.10.15
46 error npm -v 1.2.18
47 error path /home/even/tmp/npm-20966
48 error code EACCES
49 error errno 3
50 error stack Error: EACCES, mkdir '/home/even/tmp/npm-20966'
51 verbose exit [ 3, true ]
